<?xml version="1.0" encoding="UTF-8"?>
<!-- Generated by org.testng.reporters.JUnitXMLReporter -->
<testsuite hostname="4CV8479DV9" ignored="0" name="Test" tests="7" failures="0" timestamp="17 一月 2020 11:29:27 GMT" time="12.709" errors="0">
  <testcase name="testMethod2" time="0.007" classname="modualA.TestCaseTwo"/>
  <testcase name="openBaidu" time="5.207" classname="modualA.OpenBaiduTestNG"/>
  <testcase name="testMethod1" time="0.001" classname="modualA.TestCaseOne"/>
  <testcase name="one" time="0.0" classname="modualA.TestCaseThree"/>
  <testcase name="two" time="0.001" classname="modualA.TestCaseThree"/>
  <testcase name="three" time="0.001" classname="modualA.TestCaseThree"/>
  <testcase name="four" time="0.001" classname="modualA.TestCaseThree"/>
</testsuite> <!-- Test -->
