<?xml version="1.0" encoding="UTF-8"?>
<!-- Generated by org.testng.reporters.JUnitReportReporter -->
<testsuite hostname="USERCHI-66SNOKV" failures="0" tests="4" name="abcmodual.TestCaseThree" time="0.009" errors="0" timestamp="18 12月 2018 15:28:49 GMT" skipped="0">
  <testcase classname="abcmodual.TestCaseThree" name="one" time="0.003"/>
  <testcase classname="abcmodual.TestCaseThree" name="two" time="0.002"/>
  <testcase classname="abcmodual.TestCaseThree" name="three" time="0.003"/>
  <testcase classname="abcmodual.TestCaseThree" name="four" time="0.001"/>
</testsuite> <!-- abcmodual.TestCaseThree -->
