<?xml version="1.0" encoding="UTF-8"?>
<!-- Generated by org.testng.reporters.JUnitReportReporter -->
<testsuite hostname="USERCHI-66SNOKV" failures="0" tests="4" name="com.yoyotesting.mavenproject.TestCaseThree" time="0.024" errors="0" timestamp="18 12月 2018 13:49:01 GMT" skipped="0">
  <testcase classname="com.yoyotesting.mavenproject.TestCaseThree" name="one" time="0.015"/>
  <testcase classname="com.yoyotesting.mavenproject.TestCaseThree" name="two" time="0.002"/>
  <testcase classname="com.yoyotesting.mavenproject.TestCaseThree" name="three" time="0.004"/>
  <testcase classname="com.yoyotesting.mavenproject.TestCaseThree" name="four" time="0.003"/>
</testsuite> <!-- com.yoyotesting.mavenproject.TestCaseThree -->
